Flow report for exp6
Sun May 14 18:00:22 2023
Quartus II 64-Bit Version 13.1.0 Build 162 10/23/2013 SJ Full Version


---------------------
; Table of Contents ;
---------------------
  1. Legal Notice
  2. Flow Summary
  3. Flow Settings
  4. Flow Non-Default Global Settings
  5. Flow Elapsed Time
  6. Flow OS Summary
  7. Flow Log
  8. Flow Messages
  9. Flow Suppressed Messages



----------------
; Legal Notice ;
----------------
Copyright (C) 1991-2013 Altera Corporation
Your use of Altera Corporation's design tools, logic functions 
and other software and tools, and its AMPP partner logic 
functions, and any output files from any of the foregoing 
(including device programming or simulation files), and any 
associated documentation or information are expressly subject 
to the terms and conditions of the Altera Program License 
Subscription Agreement, Altera MegaCore Function License 
Agreement, or other applicable license agreement, including, 
without limitation, that your use is for the sole purpose of 
programming logic devices manufactured by Altera and sold by 
Altera or its authorized distributors.  Please refer to the 
applicable agreement for further details.



+----------------------------------------------------------------------------------+
; Flow Summary                                                                     ;
+------------------------------------+---------------------------------------------+
; Flow Status                        ; Successful - Sun May 14 18:00:22 2023       ;
; Quartus II 64-Bit Version          ; 13.1.0 Build 162 10/23/2013 SJ Full Version ;
; Revision Name                      ; exp6                                        ;
; Top-level Entity Name              ; exp6                                        ;
; Family                             ; Cyclone III                                 ;
; Device                             ; EP3C40F780C8                                ;
; Timing Models                      ; Final                                       ;
; Total logic elements               ; 136 / 39,600 ( < 1 % )                      ;
;     Total combinational functions  ; 112 / 39,600 ( < 1 % )                      ;
;     Dedicated logic registers      ; 82 / 39,600 ( < 1 % )                       ;
; Total registers                    ; 82                                          ;
; Total pins                         ; 78 / 536 ( 15 % )                           ;
; Total virtual pins                 ; 0                                           ;
; Total memory bits                  ; 0 / 1,161,216 ( 0 % )                       ;
; Embedded Multiplier 9-bit elements ; 0 / 252 ( 0 % )                             ;
; Total PLLs                         ; 0 / 4 ( 0 % )                               ;
+------------------------------------+---------------------------------------------+


+-----------------------------------------+
; Flow Settings                           ;
+-------------------+---------------------+
; Option            ; Setting             ;
+-------------------+---------------------+
; Start date & time ; 05/14/2023 17:59:59 ;
; Main task         ; Compilation         ;
; Revision Name     ; exp6                ;
+-------------------+---------------------+


+-------------------------------------------------------------------------------------------------------------------------------------+
; Flow Non-Default Global Settings                                                                                                    ;
+-------------------------------------+------------------------------------------------+---------------+-------------+----------------+
; Assignment Name                     ; Value                                          ; Default Value ; Entity Name ; Section Id     ;
+-------------------------------------+------------------------------------------------+---------------+-------------+----------------+
; COMPILER_SIGNATURE_ID               ; 345052807169.168405839819284                   ; --            ; --          ; --             ;
; EDA_GENERATE_FUNCTIONAL_NETLIST     ; On                                             ; --            ; --          ; eda_simulation ;
; EDA_NETLIST_WRITER_OUTPUT_DIR       ; C:/Computer_Organization/exp6/simulation/qsim/ ; --            ; --          ; eda_simulation ;
; EDA_OUTPUT_DATA_FORMAT              ; Verilog Hdl                                    ; --            ; --          ; eda_simulation ;
; EDA_SIMULATION_TOOL                 ; ModelSim-Altera (Verilog)                      ; <None>        ; --          ; --             ;
; MAX_CORE_JUNCTION_TEMP              ; 85                                             ; --            ; --          ; --             ;
; MIN_CORE_JUNCTION_TEMP              ; 0                                              ; --            ; --          ; --             ;
; NOMINAL_CORE_SUPPLY_VOLTAGE         ; 1.2V                                           ; --            ; --          ; --             ;
; PARTITION_COLOR                     ; 16764057                                       ; --            ; --          ; Top            ;
; PARTITION_FITTER_PRESERVATION_LEVEL ; PLACEMENT_AND_ROUTING                          ; --            ; --          ; Top            ;
; PARTITION_NETLIST_TYPE              ; SOURCE                                         ; --            ; --          ; Top            ;
; PROJECT_OUTPUT_DIRECTORY            ; output_files                                   ; --            ; --          ; --             ;
+-------------------------------------+------------------------------------------------+---------------+-------------+----------------+


+-------------------------------------------------------------------------------------------------------------------------------+
; Flow Elapsed Time                                                                                                             ;
+---------------------------+--------------+-------------------------+---------------------+------------------------------------+
; Module Name               ; Elapsed Time ; Average Processors Used ; Peak Virtual Memory ; Total CPU Time (on all processors) ;
+---------------------------+--------------+-------------------------+---------------------+------------------------------------+
; Analysis & Synthesis      ; 00:00:01     ; 1.0                     ; 4641 MB             ; 00:00:01                           ;
; Fitter                    ; 00:00:12     ; 1.3                     ; 5415 MB             ; 00:00:04                           ;
; Assembler                 ; 00:00:02     ; 1.0                     ; 4606 MB             ; 00:00:01                           ;
; TimeQuest Timing Analyzer ; 00:00:02     ; 1.0                     ; 4707 MB             ; 00:00:01                           ;
; EDA Netlist Writer        ; 00:00:01     ; 1.0                     ; 4562 MB             ; 00:00:00                           ;
; Total                     ; 00:00:18     ; --                      ; --                  ; 00:00:07                           ;
+---------------------------+--------------+-------------------------+---------------------+------------------------------------+


+----------------------------------------------------------------------------------------+
; Flow OS Summary                                                                        ;
+---------------------------+------------------+-----------+------------+----------------+
; Module Name               ; Machine Hostname ; OS Name   ; OS Version ; Processor type ;
+---------------------------+------------------+-----------+------------+----------------+
; Analysis & Synthesis      ; joeface          ; Windows 7 ; 6.2        ; x86_64         ;
; Fitter                    ; joeface          ; Windows 7 ; 6.2        ; x86_64         ;
; Assembler                 ; joeface          ; Windows 7 ; 6.2        ; x86_64         ;
; TimeQuest Timing Analyzer ; joeface          ; Windows 7 ; 6.2        ; x86_64         ;
; EDA Netlist Writer        ; joeface          ; Windows 7 ; 6.2        ; x86_64         ;
+---------------------------+------------------+-----------+------------+----------------+


------------
; Flow Log ;
------------
quartus_map --read_settings_files=on --write_settings_files=off exp6 -c exp6
quartus_fit --read_settings_files=off --write_settings_files=off exp6 -c exp6
quartus_asm --read_settings_files=off --write_settings_files=off exp6 -c exp6
quartus_sta exp6 -c exp6
quartus_eda --read_settings_files=off --write_settings_files=off exp6 -c exp6



